This is pdfTeX, Version 3.141592653-2.6-1.40.22 (TeX Live 2022/dev/Debian) (preloaded format=pdflatex 2024.4.10)  19 MAY 2024 23:06
entering extended mode
 restricted \write18 enabled.
 %&-line parsing enabled.
**Arthur_Work.tex
(./Arthur_Work.tex
LaTeX2e <2021-11-15> patch level 1
L3 programming layer <2022-01-21>
(/usr/share/texlive/texmf-dist/tex/latex/base/article.cls
Document Class: article 2021/10/04 v1.4n Standard LaTeX document class
(/usr/share/texlive/texmf-dist/tex/latex/base/size10.clo
File: size10.clo 2021/10/04 v1.4n Standard LaTeX file (size option)
)
\c@part=\count185
\c@section=\count186
\c@subsection=\count187
\c@subsubsection=\count188
\c@paragraph=\count189
\c@subparagraph=\count190
\c@figure=\count191
\c@table=\count192
\abovecaptionskip=\skip47
\belowcaptionskip=\skip48
\bibindent=\dimen138
)
(/usr/share/texlive/texmf-dist/tex/latex/amsmath/amsmath.sty
Package: amsmath 2021/10/15 v2.17l AMS math features
\@mathmargin=\skip49

For additional information on amsmath, use the `?' option.
(/usr/share/texlive/texmf-dist/tex/latex/amsmath/amstext.sty
Package: amstext 2021/08/26 v2.01 AMS text

(/usr/share/texlive/texmf-dist/tex/latex/amsmath/amsgen.sty
File: amsgen.sty 1999/11/30 v2.0 generic functions
\@emptytoks=\toks16
\ex@=\dimen139
))
(/usr/share/texlive/texmf-dist/tex/latex/amsmath/amsbsy.sty
Package: amsbsy 1999/11/29 v1.2d Bold Symbols
\pmbraise@=\dimen140
)
(/usr/share/texlive/texmf-dist/tex/latex/amsmath/amsopn.sty
Package: amsopn 2021/08/26 v2.02 operator names
)
\inf@bad=\count193
LaTeX Info: Redefining \frac on input line 234.
\uproot@=\count194
\leftroot@=\count195
LaTeX Info: Redefining \overline on input line 399.
\classnum@=\count196
\DOTSCASE@=\count197
LaTeX Info: Redefining \ldots on input line 496.
LaTeX Info: Redefining \dots on input line 499.
LaTeX Info: Redefining \cdots on input line 620.
\Mathstrutbox@=\box50
\strutbox@=\box51
\big@size=\dimen141
LaTeX Font Info:    Redeclaring font encoding OML on input line 743.
LaTeX Font Info:    Redeclaring font encoding OMS on input line 744.
\macc@depth=\count198
\c@MaxMatrixCols=\count199
\dotsspace@=\muskip16
\c@parentequation=\count266
\dspbrk@lvl=\count267
\tag@help=\toks17
\row@=\count268
\column@=\count269
\maxfields@=\count270
\andhelp@=\toks18
\eqnshift@=\dimen142
\alignsep@=\dimen143
\tagshift@=\dimen144
\tagwidth@=\dimen145
\totwidth@=\dimen146
\lineht@=\dimen147
\@envbody=\toks19
\multlinegap=\skip50
\multlinetaggap=\skip51
\mathdisplay@stack=\toks20
LaTeX Info: Redefining \[ on input line 2938.
LaTeX Info: Redefining \] on input line 2939.
)
(/usr/share/texlive/texmf-dist/tex/latex/graphics/graphicx.sty
Package: graphicx 2021/09/16 v1.2d Enhanced LaTeX Graphics (DPC,SPQR)

(/usr/share/texlive/texmf-dist/tex/latex/graphics/keyval.sty
Package: keyval 2014/10/28 v1.15 key=value parser (DPC)
\KV@toks@=\toks21
)
(/usr/share/texlive/texmf-dist/tex/latex/graphics/graphics.sty
Package: graphics 2021/03/04 v1.4d Standard LaTeX Graphics (DPC,SPQR)

(/usr/share/texlive/texmf-dist/tex/latex/graphics/trig.sty
Package: trig 2021/08/11 v1.11 sin cos tan (DPC)
)
(/usr/share/texlive/texmf-dist/tex/latex/graphics-cfg/graphics.cfg
File: graphics.cfg 2016/06/04 v1.11 sample graphics configuration
)
Package graphics Info: Driver file: pdftex.def on input line 107.

(/usr/share/texlive/texmf-dist/tex/latex/graphics-def/pdftex.def
File: pdftex.def 2020/10/05 v1.2a Graphics/color driver for pdftex
))
\Gin@req@height=\dimen148
\Gin@req@width=\dimen149
)
(/usr/share/texlive/texmf-dist/tex/latex/xcolor/xcolor.sty
Package: xcolor 2021/10/31 v2.13 LaTeX color extensions (UK)

(/usr/share/texlive/texmf-dist/tex/latex/graphics-cfg/color.cfg
File: color.cfg 2016/01/02 v1.6 sample color configuration
)
Package xcolor Info: Driver file: pdftex.def on input line 227.
Package xcolor Info: Model `cmy' substituted by `cmy0' on input line 1352.
Package xcolor Info: Model `hsb' substituted by `rgb' on input line 1356.
Package xcolor Info: Model `RGB' extended on input line 1368.
Package xcolor Info: Model `HTML' substituted by `rgb' on input line 1370.
Package xcolor Info: Model `Hsb' substituted by `hsb' on input line 1371.
Package xcolor Info: Model `tHsb' substituted by `hsb' on input line 1372.
Package xcolor Info: Model `HSB' substituted by `hsb' on input line 1373.
Package xcolor Info: Model `Gray' substituted by `gray' on input line 1374.
Package xcolor Info: Model `wave' substituted by `hsb' on input line 1375.
)
(/usr/share/texlive/texmf-dist/tex/latex/fancyhdr/fancyhdr.sty
Package: fancyhdr 2021/01/28 v4.0.1 Extensive control of page headers and foote
rs
\f@nch@headwidth=\skip52
\f@nch@O@elh=\skip53
\f@nch@O@erh=\skip54
\f@nch@O@olh=\skip55
\f@nch@O@orh=\skip56
\f@nch@O@elf=\skip57
\f@nch@O@erf=\skip58
\f@nch@O@olf=\skip59
\f@nch@O@orf=\skip60
)
(/usr/share/texlive/texmf-dist/tex/latex/titling/titling.sty
Package: titling 2009/09/04 v2.1d maketitle typesetting
\thanksmarkwidth=\skip61
\thanksmargin=\skip62
\droptitle=\skip63
)
(/usr/share/texlive/texmf-dist/tex/latex/tools/indentfirst.sty
Package: indentfirst 1995/11/23 v1.03 Indent first paragraph (DPC)
)
(/usr/share/texlive/texmf-dist/tex/latex/geometry/geometry.sty
Package: geometry 2020/01/02 v5.9 Page Geometry

(/usr/share/texlive/texmf-dist/tex/generic/iftex/ifvtex.sty
Package: ifvtex 2019/10/25 v1.7 ifvtex legacy package. Use iftex instead.

(/usr/share/texlive/texmf-dist/tex/generic/iftex/iftex.sty
Package: iftex 2020/03/06 v1.0d TeX engine tests
))
\Gm@cnth=\count271
\Gm@cntv=\count272
\c@Gm@tempcnt=\count273
\Gm@bindingoffset=\dimen150
\Gm@wd@mp=\dimen151
\Gm@odd@mp=\dimen152
\Gm@even@mp=\dimen153
\Gm@layoutwidth=\dimen154
\Gm@layoutheight=\dimen155
\Gm@layouthoffset=\dimen156
\Gm@layoutvoffset=\dimen157
\Gm@dimlist=\toks22
)
(/usr/share/texlive/texmf-dist/tex/latex/l3backend/l3backend-pdftex.def
File: l3backend-pdftex.def 2022-01-12 L3 backend support: PDF output (pdfTeX)
\l__color_backend_stack_int=\count274
\l__pdf_internal_box=\box52
)
(./Arthur_Work.aux

LaTeX Warning: Label `fig:example' multiply defined.


LaTeX Warning: Label `fig:example' multiply defined.


LaTeX Warning: Label `fig:example' multiply defined.


LaTeX Warning: Label `fig:example' multiply defined.


LaTeX Warning: Label `fig:example' multiply defined.


LaTeX Warning: Label `fig:example' multiply defined.


LaTeX Warning: Label `fig:example' multiply defined.


LaTeX Warning: Label `fig:example' multiply defined.


LaTeX Warning: Label `fig:example' multiply defined.


LaTeX Warning: Label `fig:example' multiply defined.


LaTeX Warning: Label `fig:example' multiply defined.


LaTeX Warning: Label `fig:example' multiply defined.


LaTeX Warning: Label `fig:example' multiply defined.


LaTeX Warning: Label `fig:example' multiply defined.


LaTeX Warning: Label `fig:example' multiply defined.


LaTeX Warning: Label `fig:example' multiply defined.


LaTeX Warning: Label `fig:example' multiply defined.


LaTeX Warning: Label `fig:example' multiply defined.


LaTeX Warning: Label `fig:example' multiply defined.


LaTeX Warning: Label `fig:example' multiply defined.


LaTeX Warning: Label `fig:example' multiply defined.


LaTeX Warning: Label `fig:example' multiply defined.


LaTeX Warning: Label `fig:example' multiply defined.


LaTeX Warning: Label `fig:example' multiply defined.


LaTeX Warning: Label `fig:example' multiply defined.


LaTeX Warning: Label `fig:example' multiply defined.


LaTeX Warning: Label `fig:example' multiply defined.


LaTeX Warning: Label `fig:example' multiply defined.


LaTeX Warning: Label `fig:example' multiply defined.


LaTeX Warning: Label `fig:example' multiply defined.


LaTeX Warning: Label `fig:example' multiply defined.


LaTeX Warning: Label `fig:example' multiply defined.

)
\openout1 = `Arthur_Work.aux'.

LaTeX Font Info:    Checking defaults for OML/cmm/m/it on input line 26.
LaTeX Font Info:    ... okay on input line 26.
LaTeX Font Info:    Checking defaults for OMS/cmsy/m/n on input line 26.
LaTeX Font Info:    ... okay on input line 26.
LaTeX Font Info:    Checking defaults for OT1/cmr/m/n on input line 26.
LaTeX Font Info:    ... okay on input line 26.
LaTeX Font Info:    Checking defaults for T1/cmr/m/n on input line 26.
LaTeX Font Info:    ... okay on input line 26.
LaTeX Font Info:    Checking defaults for TS1/cmr/m/n on input line 26.
LaTeX Font Info:    ... okay on input line 26.
LaTeX Font Info:    Checking defaults for OMX/cmex/m/n on input line 26.
LaTeX Font Info:    ... okay on input line 26.
LaTeX Font Info:    Checking defaults for U/cmr/m/n on input line 26.
LaTeX Font Info:    ... okay on input line 26.
 (/usr/share/texlive/texmf-dist/tex/context/base/mkii/supp-pdf.mkii
[Loading MPS to PDF converter (version 2006.09.02).]
\scratchcounter=\count275
\scratchdimen=\dimen158
\scratchbox=\box53
\nofMPsegments=\count276
\nofMParguments=\count277
\everyMPshowfont=\toks23
\MPscratchCnt=\count278
\MPscratchDim=\dimen159
\MPnumerator=\count279
\makeMPintoPDFobject=\count280
\everyMPtoPDFconversion=\toks24
) (/usr/share/texlive/texmf-dist/tex/latex/epstopdf-pkg/epstopdf-base.sty
Package: epstopdf-base 2020-01-24 v2.11 Base part for package epstopdf
Package epstopdf-base Info: Redefining graphics rule for `.eps' on input line 4
85.

(/usr/share/texlive/texmf-dist/tex/latex/latexconfig/epstopdf-sys.cfg
File: epstopdf-sys.cfg 2010/07/13 v1.3 Configuration of (r)epstopdf for TeX Liv
e
))
*geometry* driver: auto-detecting
*geometry* detected driver: pdftex
*geometry* verbose mode - [ preamble ] result:
* driver: pdftex
* paper: <default>
* layout: <same size as paper>
* layoutoffset:(h,v)=(0.0pt,0.0pt)
* modes: 
* h-part:(L,W,R)=(72.26999pt, 469.75502pt, 72.26999pt)
* v-part:(T,H,B)=(72.26999pt, 650.43001pt, 72.26999pt)
* \paperwidth=614.295pt
* \paperheight=794.96999pt
* \textwidth=469.75502pt
* \textheight=650.43001pt
* \oddsidemargin=0.0pt
* \evensidemargin=0.0pt
* \topmargin=-37.0pt
* \headheight=12.0pt
* \headsep=25.0pt
* \topskip=10.0pt
* \footskip=30.0pt
* \marginparwidth=65.0pt
* \marginparsep=11.0pt
* \columnsep=10.0pt
* \skip\footins=9.0pt plus 4.0pt minus 2.0pt
* \hoffset=0.0pt
* \voffset=0.0pt
* \mag=1000
* \@twocolumnfalse
* \@twosidefalse
* \@mparswitchfalse
* \@reversemarginfalse
* (1in=72.27pt=25.4mm, 1cm=28.453pt)

[1

{/var/lib/texmf/fonts/map/pdftex/updmap/pdftex.map}] [2]
<neural_net_pic.png, id=13, 832.10875pt x 474.77374pt>
File: neural_net_pic.png Graphic file (type png)
<use neural_net_pic.png>
Package pdftex.def Info: neural_net_pic.png  used on input line 87.
(pdftex.def)             Requested size: 379.99403pt x 216.81pt.
 [3 <./neural_net_pic.png>]
<grid_search_L2.png, id=19, 1188.44pt x 447.6725pt>
File: grid_search_L2.png Graphic file (type png)
<use grid_search_L2.png>
Package pdftex.def Info: grid_search_L2.png  used on input line 119.
(pdftex.def)             Requested size: 479.64723pt x 180.67499pt.

Overfull \hbox (9.89221pt too wide) in paragraph at lines 119--120
 [][] 
 []

[4 <./grid_search_L2.png>]
<funcao_custo_pen.png, id=24, 623.32875pt x 101.37875pt>
File: funcao_custo_pen.png Graphic file (type png)
<use funcao_custo_pen.png>
Package pdftex.def Info: funcao_custo_pen.png  used on input line 143.
(pdftex.def)             Requested size: 222.18205pt x 36.135pt.
<rel_funcao_multi.png, id=25, 489.83pt x 97.36375pt>
File: rel_funcao_multi.png Graphic file (type png)
<use rel_funcao_multi.png>
Package pdftex.def Info: rel_funcao_multi.png  used on input line 158.
(pdftex.def)             Requested size: 181.78734pt x 36.135pt.
<pen_al.png, id=26, 266.9975pt x 43.16125pt>
File: pen_al.png Graphic file (type png)
<use pen_al.png>
Package pdftex.def Info: pen_al.png  used on input line 174.
(pdftex.def)             Requested size: 156.47604pt x 25.29494pt.
<train_L2.png, id=27, 1197.47375pt x 715.67375pt>
File: train_L2.png Graphic file (type png)
<use train_L2.png>
Package pdftex.def Info: train_L2.png  used on input line 189.
(pdftex.def)             Requested size: 362.75311pt x 216.81pt.


LaTeX Warning: `h' float specifier changed to `ht'.

[5 <./funcao_custo_pen.png> <./rel_funcao_multi.png> <./pen_al.png>]
<n_net_after_before_pruning.png, id=35, 1405.25pt x 760.8425pt>
File: n_net_after_before_pruning.png Graphic file (type png)
<use n_net_after_before_pruning.png>
Package pdftex.def Info: n_net_after_before_pruning.png  used on input line 215
.
(pdftex.def)             Requested size: 333.68602pt x 180.67499pt.
 [6 <./train_L2.png> <./n_net_after_before_pruning.png>]
<random_prun.png, id=41, 1145.27875pt x 916.42375pt>
File: random_prun.png Graphic file (type png)
<use random_prun.png>
Package pdftex.def Info: random_prun.png  used on input line 226.
(pdftex.def)             Requested size: 270.94052pt x 216.81pt.
<prun_lowest_val.png, id=42, 1134.2375pt x 905.3825pt>
File: prun_lowest_val.png Graphic file (type png)
<use prun_lowest_val.png>
Package pdftex.def Info: prun_lowest_val.png  used on input line 237.
(pdftex.def)             Requested size: 271.5995pt x 216.81pt.
 [7 <./random_prun.png> <./prun_lowest_val.png>]
<Separation_L2.png, id=49, 638.385pt x 502.87875pt>
File: Separation_L2.png Graphic file (type png)
<use Separation_L2.png>
Package pdftex.def Info: Separation_L2.png  used on input line 268.
(pdftex.def)             Requested size: 211.00862pt x 166.2212pt.
<Matrix_conf_XOR_L2.png, id=50, 583.17876pt x 474.77374pt>
File: Matrix_conf_XOR_L2.png Graphic file (type png)
<use Matrix_conf_XOR_L2.png>
Package pdftex.def Info: Matrix_conf_XOR_L2.png  used on input line 279.
(pdftex.def)             Requested size: 204.169pt x 166.2212pt.
 [8 <./Separation_L2.png> <./Matrix_conf_XOR_L2.png>]
<sep_plot_random_pruning.png, id=57, 646.415pt x 486.81876pt>
File: sep_plot_random_pruning.png Graphic file (type png)
<use sep_plot_random_pruning.png>
Package pdftex.def Info: sep_plot_random_pruning.png  used on input line 295.
(pdftex.def)             Requested size: 287.88556pt x 216.81pt.
<conf_mat_random_pruning.png, id=58, 584.1825pt x 483.8075pt>
File: conf_mat_random_pruning.png Graphic file (type png)
<use conf_mat_random_pruning.png>
Package pdftex.def Info: conf_mat_random_pruning.png  used on input line 306.
(pdftex.def)             Requested size: 261.79219pt x 216.81pt.
 [9 <./sep_plot_random_pruning.png> <./conf_mat_random_pruning.png>]
<plot_sep_prun_low_val.png, id=64, 648.4225pt x 500.87125pt>
File: plot_sep_prun_low_val.png Graphic file (type png)
<use plot_sep_prun_low_val.png>
Package pdftex.def Info: plot_sep_prun_low_val.png  used on input line 321.
(pdftex.def)             Requested size: 280.67633pt x 216.81pt.
<conf_mat_prun_low_val.png, id=65, 576.1525pt x 476.78125pt>
File: conf_mat_prun_low_val.png Graphic file (type png)
<use conf_mat_prun_low_val.png>
Package pdftex.def Info: conf_mat_prun_low_val.png  used on input line 332.
(pdftex.def)             Requested size: 262.00034pt x 216.81pt.
 [10 <./plot_sep_prun_low_val.png> <./conf_mat_prun_low_val.png>]
<sep_circle_l2.png, id=71, 648.4225pt x 500.87125pt>
File: sep_circle_l2.png Graphic file (type png)
<use sep_circle_l2.png>
Package pdftex.def Info: sep_circle_l2.png  used on input line 352.
(pdftex.def)             Requested size: 280.67633pt x 216.81pt.
<conf_mat_circle_l2.png, id=72, 584.1825pt x 476.78125pt>
File: conf_mat_circle_l2.png Graphic file (type png)
<use conf_mat_circle_l2.png>
Package pdftex.def Info: conf_mat_circle_l2.png  used on input line 363.
(pdftex.def)             Requested size: 265.6519pt x 216.81pt.
 [11 <./sep_circle_l2.png> <./conf_mat_circle_l2.png>]
<sep_rp_circle.png, id=78, 645.41125pt x 496.85625pt>
File: sep_rp_circle.png Graphic file (type png)
<use sep_rp_circle.png>
Package pdftex.def Info: sep_rp_circle.png  used on input line 378.
(pdftex.def)             Requested size: 281.63797pt x 216.81pt.
<conf_mat_rp_circle.png, id=79, 575.14874pt x 479.7925pt>
File: conf_mat_rp_circle.png Graphic file (type png)
<use conf_mat_rp_circle.png>
Package pdftex.def Info: conf_mat_rp_circle.png  used on input line 389.
(pdftex.def)             Requested size: 259.90277pt x 216.81pt.
 [12 <./sep_rp_circle.png> <./conf_mat_rp_circle.png>]
<sep_plv_circle.png, id=85, 644.4075pt x 505.89pt>
File: sep_plv_circle.png Graphic file (type png)
<use sep_plv_circle.png>
Package pdftex.def Info: sep_plv_circle.png  used on input line 404.
(pdftex.def)             Requested size: 276.17537pt x 216.81pt.
<conf_mat_plv.png, id=86, 575.14874pt x 479.7925pt>
File: conf_mat_plv.png Graphic file (type png)
<use conf_mat_plv.png>
Package pdftex.def Info: conf_mat_plv.png  used on input line 415.
(pdftex.def)             Requested size: 259.90277pt x 216.81pt.

[13 <./sep_plv_circle.png> <./conf_mat_plv.png>]
<conf_mat_bcancer_l2.png, id=93, 585.18625pt x 497.86pt>
File: conf_mat_bcancer_l2.png Graphic file (type png)
<use conf_mat_bcancer_l2.png>
Package pdftex.def Info: conf_mat_bcancer_l2.png  used on input line 432.
(pdftex.def)             Requested size: 212.37236pt x 180.67499pt.
<conf_mat_random_pruning_bcancer.png, id=94, 583.17876pt x 497.86pt>
File: conf_mat_random_pruning_bcancer.png Graphic file (type png)
<use conf_mat_random_pruning_bcancer.png>
Package pdftex.def Info: conf_mat_random_pruning_bcancer.png  used on input lin
e 446.
(pdftex.def)             Requested size: 211.64381pt x 180.67499pt.
 [14 <./conf_mat_bcancer_l2.png> <./conf_mat_random_pruning_bcancer.png>]
<conf_mat_plv_bcancer.png, id=100, 583.17876pt x 497.86pt>
File: conf_mat_plv_bcancer.png Graphic file (type png)
<use conf_mat_plv_bcancer.png>
Package pdftex.def Info: conf_mat_plv_bcancer.png  used on input line 459.
(pdftex.def)             Requested size: 211.64381pt x 180.67499pt.
 [15 <./conf_mat_plv_bcancer.png>]
<sin_l2.png, id=105, 643.40375pt x 505.89pt>
File: sin_l2.png Graphic file (type png)
<use sin_l2.png>
Package pdftex.def Info: sin_l2.png  used on input line 492.
(pdftex.def)             Requested size: 229.78929pt x 180.67499pt.
<sin_random_pru.png, id=106, 645.41125pt x 495.8525pt>
File: sin_random_pru.png Graphic file (type png)
<use sin_random_pru.png>
Package pdftex.def Info: sin_random_pru.png  used on input line 505.
(pdftex.def)             Requested size: 235.16444pt x 180.67499pt.

[16 <./sin_l2.png> <./sin_random_pru.png>]
<sin_plv.png, id=112, 624.3325pt x 501.875pt>
File: sin_plv.png Graphic file (type png)
<use sin_plv.png>
Package pdftex.def Info: sin_plv.png  used on input line 520.
(pdftex.def)             Requested size: 224.75952pt x 180.67499pt.
<MSE_l2_boston.png, id=113, 1272.755pt x 135.50626pt>
File: MSE_l2_boston.png Graphic file (type png)
<use MSE_l2_boston.png>
Package pdftex.def Info: MSE_l2_boston.png  used on input line 544.
(pdftex.def)             Requested size: 509.09299pt x 54.2025pt.

Overfull \hbox (39.33797pt too wide) in paragraph at lines 544--545
 [][] 
 []

<MSE_random_prun_boston.png, id=114, 1232.605pt x 133.49875pt>
File: MSE_random_prun_boston.png Graphic file (type png)
<use MSE_random_prun_boston.png>
Package pdftex.def Info: MSE_random_prun_boston.png  used on input line 557.
(pdftex.def)             Requested size: 500.46243pt x 54.2025pt.

Overfull \hbox (30.70741pt too wide) in paragraph at lines 557--558
 [][] 
 []

[17 <./sin_plv.png> <./MSE_l2_boston.png> <./MSE_random_prun_boston.png>]
<MSE_prun_lv.png, id=121, 1272.755pt x 135.50626pt>
File: MSE_prun_lv.png Graphic file (type png)
<use MSE_prun_lv.png>
Package pdftex.def Info: MSE_prun_lv.png  used on input line 572.
(pdftex.def)             Requested size: 509.09299pt x 54.2025pt.

Overfull \hbox (39.33797pt too wide) in paragraph at lines 572--573
 [][] 
 []

<MSE_L2_wine.png, id=122, 1232.605pt x 133.49875pt>
File: MSE_L2_wine.png Graphic file (type png)
<use MSE_L2_wine.png>
Package pdftex.def Info: MSE_L2_wine.png  used on input line 591.
(pdftex.def)             Requested size: 500.46243pt x 54.2025pt.

Overfull \hbox (30.70741pt too wide) in paragraph at lines 591--592
 [][] 
 []

<MSE_random_prun.png, id=123, 1232.605pt x 133.49875pt>
File: MSE_random_prun.png Graphic file (type png)
<use MSE_random_prun.png>
Package pdftex.def Info: MSE_random_prun.png  used on input line 604.
(pdftex.def)             Requested size: 500.46243pt x 54.2025pt.

Overfull \hbox (30.70741pt too wide) in paragraph at lines 604--605
 [][] 
 []

[18 <./MSE_prun_lv.png> <./MSE_L2_wine.png> <./MSE_random_prun.png>]
<MSE_plv.png, id=130, 1232.605pt x 133.49875pt>
File: MSE_plv.png Graphic file (type png)
<use MSE_plv.png>
Package pdftex.def Info: MSE_plv.png  used on input line 619.
(pdftex.def)             Requested size: 500.46243pt x 54.2025pt.

Overfull \hbox (30.70741pt too wide) in paragraph at lines 619--620
 [][] 
 []

[19 <./MSE_plv.png>] [20] (./Arthur_Work.aux)

LaTeX Warning: There were multiply-defined labels.

 ) 
Here is how much of TeX's memory you used:
 3537 strings out of 478287
 54897 string characters out of 5849289
 359584 words of memory out of 5000000
 21688 multiletter control sequences out of 15000+600000
 476189 words of font info for 52 fonts, out of 8000000 for 9000
 1141 hyphenation exceptions out of 8191
 55i,11n,62p,1229b,252s stack positions out of 5000i,500n,10000p,200000b,80000s
{/usr/share/texmf/fonts/enc/dvips/cm-super/cm-super-ts1.enc}</usr/share/texli
ve/texmf-dist/fonts/type1/public/amsfonts/cm/cmbx10.pfb></usr/share/texlive/tex
mf-dist/fonts/type1/public/amsfonts/cm/cmbx12.pfb></usr/share/texlive/texmf-dis
t/fonts/type1/public/amsfonts/cm/cmmi10.pfb></usr/share/texlive/texmf-dist/font
s/type1/public/amsfonts/cm/cmr10.pfb></usr/share/texlive/texmf-dist/fonts/type1
/public/amsfonts/cm/cmr12.pfb></usr/share/texmf/fonts/type1/public/cm-super/sfr
m1000.pfb>
Output written on Arthur_Work.pdf (20 pages, 1756505 bytes).
PDF statistics:
 167 PDF objects out of 1000 (max. 8388607)
 66 compressed objects within 1 object stream
 0 named destinations out of 1000 (max. 500000)
 166 words of extra memory for PDF output out of 10000 (max. 10000000)

