This is pdfTeX, Version 3.141592653-2.6-1.40.22 (TeX Live 2022/dev/Debian) (preloaded format=pdflatex 2024.4.10)  29 APR 2024 22:07
entering extended mode
 restricted \write18 enabled.
 %&-line parsing enabled.
**ex07.tex
(./ex07.tex
LaTeX2e <2021-11-15> patch level 1
L3 programming layer <2022-01-21>
(/usr/share/texlive/texmf-dist/tex/latex/base/article.cls
Document Class: article 2021/10/04 v1.4n Standard LaTeX document class
(/usr/share/texlive/texmf-dist/tex/latex/base/size10.clo
File: size10.clo 2021/10/04 v1.4n Standard LaTeX file (size option)
)
\c@part=\count185
\c@section=\count186
\c@subsection=\count187
\c@subsubsection=\count188
\c@paragraph=\count189
\c@subparagraph=\count190
\c@figure=\count191
\c@table=\count192
\abovecaptionskip=\skip47
\belowcaptionskip=\skip48
\bibindent=\dimen138
)
(/usr/share/texlive/texmf-dist/tex/latex/graphics/graphicx.sty
Package: graphicx 2021/09/16 v1.2d Enhanced LaTeX Graphics (DPC,SPQR)

(/usr/share/texlive/texmf-dist/tex/latex/graphics/keyval.sty
Package: keyval 2014/10/28 v1.15 key=value parser (DPC)
\KV@toks@=\toks16
)
(/usr/share/texlive/texmf-dist/tex/latex/graphics/graphics.sty
Package: graphics 2021/03/04 v1.4d Standard LaTeX Graphics (DPC,SPQR)

(/usr/share/texlive/texmf-dist/tex/latex/graphics/trig.sty
Package: trig 2021/08/11 v1.11 sin cos tan (DPC)
)
(/usr/share/texlive/texmf-dist/tex/latex/graphics-cfg/graphics.cfg
File: graphics.cfg 2016/06/04 v1.11 sample graphics configuration
)
Package graphics Info: Driver file: pdftex.def on input line 107.

(/usr/share/texlive/texmf-dist/tex/latex/graphics-def/pdftex.def
File: pdftex.def 2020/10/05 v1.2a Graphics/color driver for pdftex
))
\Gin@req@height=\dimen139
\Gin@req@width=\dimen140
)
(/usr/share/texlive/texmf-dist/tex/latex/l3backend/l3backend-pdftex.def
File: l3backend-pdftex.def 2022-01-12 L3 backend support: PDF output (pdfTeX)
\l__color_backend_stack_int=\count193
\l__pdf_internal_box=\box50
)
(./ex07.aux)
\openout1 = `ex07.aux'.

LaTeX Font Info:    Checking defaults for OML/cmm/m/it on input line 4.
LaTeX Font Info:    ... okay on input line 4.
LaTeX Font Info:    Checking defaults for OMS/cmsy/m/n on input line 4.
LaTeX Font Info:    ... okay on input line 4.
LaTeX Font Info:    Checking defaults for OT1/cmr/m/n on input line 4.
LaTeX Font Info:    ... okay on input line 4.
LaTeX Font Info:    Checking defaults for T1/cmr/m/n on input line 4.
LaTeX Font Info:    ... okay on input line 4.
LaTeX Font Info:    Checking defaults for TS1/cmr/m/n on input line 4.
LaTeX Font Info:    ... okay on input line 4.
LaTeX Font Info:    Checking defaults for OMX/cmex/m/n on input line 4.
LaTeX Font Info:    ... okay on input line 4.
LaTeX Font Info:    Checking defaults for U/cmr/m/n on input line 4.
LaTeX Font Info:    ... okay on input line 4.
 (/usr/share/texlive/texmf-dist/tex/context/base/mkii/supp-pdf.mkii
[Loading MPS to PDF converter (version 2006.09.02).]
\scratchcounter=\count194
\scratchdimen=\dimen141
\scratchbox=\box51
\nofMPsegments=\count195
\nofMParguments=\count196
\everyMPshowfont=\toks17
\MPscratchCnt=\count197
\MPscratchDim=\dimen142
\MPnumerator=\count198
\makeMPintoPDFobject=\count199
\everyMPtoPDFconversion=\toks18
) (/usr/share/texlive/texmf-dist/tex/latex/epstopdf-pkg/epstopdf-base.sty
Package: epstopdf-base 2020-01-24 v2.11 Base part for package epstopdf
Package epstopdf-base Info: Redefining graphics rule for `.eps' on input line 4
85.

(/usr/share/texlive/texmf-dist/tex/latex/latexconfig/epstopdf-sys.cfg
File: epstopdf-sys.cfg 2010/07/13 v1.3 Configuration of (r)epstopdf for TeX Liv
e
))
LaTeX Font Info:    External font `cmex10' loaded for size
(Font)              <12> on input line 9.
LaTeX Font Info:    External font `cmex10' loaded for size
(Font)              <8> on input line 9.
LaTeX Font Info:    External font `cmex10' loaded for size
(Font)              <6> on input line 9.
</home/arthur/Desktop/RNA_BRAGA/RBF/RBF.jpg, id=1, 193.78593pt x 138.14442pt>
File: /home/arthur/Desktop/RNA_BRAGA/RBF/RBF.jpg Graphic file (type jpg)
<use /home/arthur/Desktop/RNA_BRAGA/RBF/RBF.jpg>
Package pdftex.def Info: /home/arthur/Desktop/RNA_BRAGA/RBF/RBF.jpg  used on in
put line 19.
(pdftex.def)             Requested size: 202.75972pt x 144.54pt.

[1

{/var/lib/texmf/fonts/map/pdftex/updmap/pdftex.map} </home/arthur/Desktop/RNA_B
RAGA/RBF/RBF.jpg>]
<normals_gen.png, id=11, 878.28125pt x 738.76pt>
File: normals_gen.png Graphic file (type png)
<use normals_gen.png>
Package pdftex.def Info: normals_gen.png  used on input line 44.
(pdftex.def)             Requested size: 171.83371pt x 144.54pt.
<normals_cluster.png, id=13, 854.19125pt x 627.34375pt>
File: normals_cluster.png Graphic file (type png)
<use normals_cluster.png>
Package pdftex.def Info: normals_cluster.png  used on input line 52.
(pdftex.def)             Requested size: 196.79874pt x 144.54pt.
 [2 <./normals_gen.png>]
</home/arthur/Desktop/RNA_BRAGA/ex07/normals_k5.png, id=18, 866.23625pt x 494.8
4875pt>
File: /home/arthur/Desktop/RNA_BRAGA/ex07/normals_k5.png Graphic file (type png
)
<use /home/arthur/Desktop/RNA_BRAGA/ex07/normals_k5.png>
Package pdftex.def Info: /home/arthur/Desktop/RNA_BRAGA/ex07/normals_k5.png  us
ed on input line 64.
(pdftex.def)             Requested size: 253.01291pt x 144.54pt.
</home/arthur/Desktop/RNA_BRAGA/ex07/bestK_normals.png, id=19, 942.52126pt x 63
0.355pt>
File: /home/arthur/Desktop/RNA_BRAGA/ex07/bestK_normals.png Graphic file (type 
png)
<use /home/arthur/Desktop/RNA_BRAGA/ex07/bestK_normals.png>
Package pdftex.def Info: /home/arthur/Desktop/RNA_BRAGA/ex07/bestK_normals.png 
 used on input line 76.
(pdftex.def)             Requested size: 216.11377pt x 144.54pt.
 [3 <./normals_cluster.png> </home/arthur/Desktop/RNA_BRAGA/ex07/normals_k5.png
>]
<xor_data.png, id=25, 871.255pt x 729.72626pt>
File: xor_data.png Graphic file (type png)
<use xor_data.png>
Package pdftex.def Info: xor_data.png  used on input line 96.
(pdftex.def)             Requested size: 172.57283pt x 144.54pt.
<xor_cluster.png, id=26, 869.2475pt x 634.37pt>
File: xor_cluster.png Graphic file (type png)
<use xor_cluster.png>
Package pdftex.def Info: xor_cluster.png  used on input line 104.
(pdftex.def)             Requested size: 198.05254pt x 144.54pt.
 [4 </home/arthur/Desktop/RNA_BRAGA/ex07/bestK_normals.png> <./xor_data.png>]
</home/arthur/Desktop/RNA_BRAGA/ex07/xor_k5.png, id=32, 866.23625pt x 505.89pt>

File: /home/arthur/Desktop/RNA_BRAGA/ex07/xor_k5.png Graphic file (type png)
<use /home/arthur/Desktop/RNA_BRAGA/ex07/xor_k5.png>
Package pdftex.def Info: /home/arthur/Desktop/RNA_BRAGA/ex07/xor_k5.png  used o
n input line 116.
(pdftex.def)             Requested size: 247.50113pt x 144.54pt.
</home/arthur/Desktop/RNA_BRAGA/ex07/best_k_xor.png, id=33, 946.53625pt x 635.3
7375pt>
File: /home/arthur/Desktop/RNA_BRAGA/ex07/best_k_xor.png Graphic file (type png
)
<use /home/arthur/Desktop/RNA_BRAGA/ex07/best_k_xor.png>
Package pdftex.def Info: /home/arthur/Desktop/RNA_BRAGA/ex07/best_k_xor.png  us
ed on input line 128.
(pdftex.def)             Requested size: 215.33011pt x 144.54pt.
 [5 <./xor_cluster.png> </home/arthur/Desktop/RNA_BRAGA/ex07/xor_k5.png> </home
/arthur/Desktop/RNA_BRAGA/ex07/best_k_xor.png>]
<circle_data.png, id=40, 864.22874pt x 737.75626pt>
File: circle_data.png Graphic file (type png)
<use circle_data.png>
Package pdftex.def Info: circle_data.png  used on input line 148.
(pdftex.def)             Requested size: 169.30855pt x 144.54pt.
<circle_cluster.png, id=41, 836.12375pt x 574.145pt>
File: circle_cluster.png Graphic file (type png)
<use circle_cluster.png>
Package pdftex.def Info: circle_cluster.png  used on input line 156.
(pdftex.def)             Requested size: 210.48485pt x 144.54pt.
</home/arthur/Desktop/RNA_BRAGA/ex07/circle_k5.png, id=42, 921.4425pt x 526.968
75pt>
File: /home/arthur/Desktop/RNA_BRAGA/ex07/circle_k5.png Graphic file (type png)

<use /home/arthur/Desktop/RNA_BRAGA/ex07/circle_k5.png>
Package pdftex.def Info: /home/arthur/Desktop/RNA_BRAGA/ex07/circle_k5.png  use
d on input line 168.
(pdftex.def)             Requested size: 252.74368pt x 144.54pt.
 [6 <./circle_data.png> <./circle_cluster.png>]
</home/arthur/Desktop/RNA_BRAGA/ex07/best_k_circle.png, id=48, 941.5175pt x 620
.3175pt>
File: /home/arthur/Desktop/RNA_BRAGA/ex07/best_k_circle.png Graphic file (type 
png)
<use /home/arthur/Desktop/RNA_BRAGA/ex07/best_k_circle.png>
Package pdftex.def Info: /home/arthur/Desktop/RNA_BRAGA/ex07/best_k_circle.png 
 used on input line 180.
(pdftex.def)             Requested size: 219.37465pt x 144.54pt.
<spirals_data.png, id=49, 878.28125pt x 742.775pt>
File: spirals_data.png Graphic file (type png)
<use spirals_data.png>
Package pdftex.def Info: spirals_data.png  used on input line 200.
(pdftex.def)             Requested size: 170.90901pt x 144.54pt.
 [7 </home/arthur/Desktop/RNA_BRAGA/ex07/circle_k5.png> </home/arthur/Desktop/R
NA_BRAGA/ex07/best_k_circle.png>]
<spirals_cluster.png, id=56, 874.26625pt x 600.2425pt>
File: spirals_cluster.png Graphic file (type png)
<use spirals_cluster.png>
Package pdftex.def Info: spirals_cluster.png  used on input line 208.
(pdftex.def)             Requested size: 210.52187pt x 144.54pt.
</home/arthur/Desktop/RNA_BRAGA/ex07/spirals_k5.png, id=57, 921.4425pt x 526.96
875pt>
File: /home/arthur/Desktop/RNA_BRAGA/ex07/spirals_k5.png Graphic file (type png
)
<use /home/arthur/Desktop/RNA_BRAGA/ex07/spirals_k5.png>
Package pdftex.def Info: /home/arthur/Desktop/RNA_BRAGA/ex07/spirals_k5.png  us
ed on input line 220.
(pdftex.def)             Requested size: 252.74368pt x 144.54pt.
 [8 <./spirals_data.png> <./spirals_cluster.png> </home/arthur/Desktop/RNA_BRAG
A/ex07/spirals_k5.png>]
</home/arthur/Desktop/RNA_BRAGA/ex07/best_k_spirals.png, id=64, 941.5175pt x 62
0.3175pt>
File: /home/arthur/Desktop/RNA_BRAGA/ex07/best_k_spirals.png Graphic file (type
 png)
<use /home/arthur/Desktop/RNA_BRAGA/ex07/best_k_spirals.png>
Package pdftex.def Info: /home/arthur/Desktop/RNA_BRAGA/ex07/best_k_spirals.png
  used on input line 232.
(pdftex.def)             Requested size: 219.37465pt x 144.54pt.
</home/arthur/Desktop/RNA_BRAGA/ex07/best_k_spirals_plot.png, id=65, 934.49126p
t x 539.01375pt>
File: /home/arthur/Desktop/RNA_BRAGA/ex07/best_k_spirals_plot.png Graphic file 
(type png)
<use /home/arthur/Desktop/RNA_BRAGA/ex07/best_k_spirals_plot.png>
Package pdftex.def Info: /home/arthur/Desktop/RNA_BRAGA/ex07/best_k_spirals_plo
t.png  used on input line 240.
(pdftex.def)             Requested size: 250.59065pt x 144.54pt.
<sinc_data.png, id=66, 900.36375pt x 512.91624pt>
File: sinc_data.png Graphic file (type png)
<use sinc_data.png>
Package pdftex.def Info: sinc_data.png  used on input line 258.
(pdftex.def)             Requested size: 253.72127pt x 144.54pt.
 [9 </home/arthur/Desktop/RNA_BRAGA/ex07/best_k_spirals.png> </home/arthur/Desk
top/RNA_BRAGA/ex07/best_k_spirals_plot.png>]
<sinc_cluster.png, id=72, 887.315pt x 649.42625pt>
File: sinc_cluster.png Graphic file (type png)
<use sinc_cluster.png>
Package pdftex.def Info: sinc_cluster.png  used on input line 266.
(pdftex.def)             Requested size: 197.48451pt x 144.54pt.
<error.png, id=73, 875.27pt x 179.67125pt>
File: error.png Graphic file (type png)
<use error.png>
Package pdftex.def Info: error.png  used on input line 278.
(pdftex.def)             Requested size: 528.10428pt x 108.405pt.

Overfull \hbox (183.10428pt too wide) in paragraph at lines 278--279
 [] 
 []

<plot_sinc_gauss.png, id=74, 866.23625pt x 461.725pt>
File: plot_sinc_gauss.png Graphic file (type png)
<use plot_sinc_gauss.png>
Package pdftex.def Info: plot_sinc_gauss.png  used on input line 290.
(pdftex.def)             Requested size: 271.16078pt x 144.54pt.
[10 <./sinc_data.png> <./sinc_cluster.png> <./error.png>]
<best_K_sinc.png, id=81, 946.53625pt x 554.07pt>
File: best_K_sinc.png Graphic file (type png)
<use best_K_sinc.png>
Package pdftex.def Info: best_K_sinc.png  used on input line 302.
(pdftex.def)             Requested size: 370.3753pt x 216.81pt.

Overfull \hbox (25.3753pt too wide) in paragraph at lines 302--303
 [] 
 []

[11 <./plot_sinc_gauss.png> <./best_K_sinc.png>] (./ex07.aux) ) 
Here is how much of TeX's memory you used:
 1447 strings out of 478287
 26060 string characters out of 5849289
 315711 words of memory out of 5000000
 19655 multiletter control sequences out of 15000+600000
 473206 words of font info for 41 fonts, out of 8000000 for 9000
 1141 hyphenation exceptions out of 8191
 55i,6n,62p,1153b,193s stack positions out of 5000i,500n,10000p,200000b,80000s
</usr/share/texl
ive/texmf-dist/fonts/type1/public/amsfonts/cm/cmbx12.pfb></usr/share/texlive/te
xmf-dist/fonts/type1/public/amsfonts/cm/cmr10.pfb></usr/share/texlive/texmf-dis
t/fonts/type1/public/amsfonts/cm/cmr12.pfb></usr/share/texlive/texmf-dist/fonts
/type1/public/amsfonts/cm/cmr17.pfb>
Output written on ex07.pdf (11 pages, 1455659 bytes).
PDF statistics:
 106 PDF objects out of 1000 (max. 8388607)
 39 compressed objects within 1 object stream
 0 named destinations out of 1000 (max. 500000)
 116 words of extra memory for PDF output out of 10000 (max. 10000000)

