This is pdfTeX, Version 3.141592653-2.6-1.40.22 (TeX Live 2022/dev/Debian) (preloaded format=pdflatex 2024.4.10)  21 APR 2024 21:15
entering extended mode
 restricted \write18 enabled.
 %&-line parsing enabled.
**EX_06p2.tex
(./EX_06p2.tex
LaTeX2e <2021-11-15> patch level 1
L3 programming layer <2022-01-21>
(/usr/share/texlive/texmf-dist/tex/latex/base/article.cls
Document Class: article 2021/10/04 v1.4n Standard LaTeX document class
(/usr/share/texlive/texmf-dist/tex/latex/base/size10.clo
File: size10.clo 2021/10/04 v1.4n Standard LaTeX file (size option)
)
\c@part=\count185
\c@section=\count186
\c@subsection=\count187
\c@subsubsection=\count188
\c@paragraph=\count189
\c@subparagraph=\count190
\c@figure=\count191
\c@table=\count192
\abovecaptionskip=\skip47
\belowcaptionskip=\skip48
\bibindent=\dimen138
)
(/usr/share/texlive/texmf-dist/tex/latex/graphics/graphicx.sty
Package: graphicx 2021/09/16 v1.2d Enhanced LaTeX Graphics (DPC,SPQR)

(/usr/share/texlive/texmf-dist/tex/latex/graphics/keyval.sty
Package: keyval 2014/10/28 v1.15 key=value parser (DPC)
\KV@toks@=\toks16
)
(/usr/share/texlive/texmf-dist/tex/latex/graphics/graphics.sty
Package: graphics 2021/03/04 v1.4d Standard LaTeX Graphics (DPC,SPQR)

(/usr/share/texlive/texmf-dist/tex/latex/graphics/trig.sty
Package: trig 2021/08/11 v1.11 sin cos tan (DPC)
)
(/usr/share/texlive/texmf-dist/tex/latex/graphics-cfg/graphics.cfg
File: graphics.cfg 2016/06/04 v1.11 sample graphics configuration
)
Package graphics Info: Driver file: pdftex.def on input line 107.

(/usr/share/texlive/texmf-dist/tex/latex/graphics-def/pdftex.def
File: pdftex.def 2020/10/05 v1.2a Graphics/color driver for pdftex
))
\Gin@req@height=\dimen139
\Gin@req@width=\dimen140
)
(/usr/share/texlive/texmf-dist/tex/latex/l3backend/l3backend-pdftex.def
File: l3backend-pdftex.def 2022-01-12 L3 backend support: PDF output (pdfTeX)
\l__color_backend_stack_int=\count193
\l__pdf_internal_box=\box50
)
(./EX_06p2.aux)
\openout1 = `EX_06p2.aux'.

LaTeX Font Info:    Checking defaults for OML/cmm/m/it on input line 5.
LaTeX Font Info:    ... okay on input line 5.
LaTeX Font Info:    Checking defaults for OMS/cmsy/m/n on input line 5.
LaTeX Font Info:    ... okay on input line 5.
LaTeX Font Info:    Checking defaults for OT1/cmr/m/n on input line 5.
LaTeX Font Info:    ... okay on input line 5.
LaTeX Font Info:    Checking defaults for T1/cmr/m/n on input line 5.
LaTeX Font Info:    ... okay on input line 5.
LaTeX Font Info:    Checking defaults for TS1/cmr/m/n on input line 5.
LaTeX Font Info:    ... okay on input line 5.
LaTeX Font Info:    Checking defaults for OMX/cmex/m/n on input line 5.
LaTeX Font Info:    ... okay on input line 5.
LaTeX Font Info:    Checking defaults for U/cmr/m/n on input line 5.
LaTeX Font Info:    ... okay on input line 5.

(/usr/share/texlive/texmf-dist/tex/context/base/mkii/supp-pdf.mkii
[Loading MPS to PDF converter (version 2006.09.02).]
\scratchcounter=\count194
\scratchdimen=\dimen141
\scratchbox=\box51
\nofMPsegments=\count195
\nofMParguments=\count196
\everyMPshowfont=\toks17
\MPscratchCnt=\count197
\MPscratchDim=\dimen142
\MPnumerator=\count198
\makeMPintoPDFobject=\count199
\everyMPtoPDFconversion=\toks18
) (/usr/share/texlive/texmf-dist/tex/latex/epstopdf-pkg/epstopdf-base.sty
Package: epstopdf-base 2020-01-24 v2.11 Base part for package epstopdf
Package epstopdf-base Info: Redefining graphics rule for `.eps' on input line 4
85.

(/usr/share/texlive/texmf-dist/tex/latex/latexconfig/epstopdf-sys.cfg
File: epstopdf-sys.cfg 2010/07/13 v1.3 Configuration of (r)epstopdf for TeX Liv
e
))
LaTeX Font Info:    External font `cmex10' loaded for size
(Font)              <12> on input line 10.
LaTeX Font Info:    External font `cmex10' loaded for size
(Font)              <8> on input line 10.
LaTeX Font Info:    External font `cmex10' loaded for size
(Font)              <6> on input line 10.

[1

{/var/lib/texmf/fonts/map/pdftex/updmap/pdftex.map}]
<graph_Jxw.png, id=10, 800.9925pt x 584.1825pt>
File: graph_Jxw.png Graphic file (type png)
<use graph_Jxw.png>
Package pdftex.def Info: graph_Jxw.png  used on input line 30.
(pdftex.def)             Requested size: 297.27924pt x 216.81pt.
<Pareto_graph.png, id=12, 800.9925pt x 584.1825pt>
File: Pareto_graph.png Graphic file (type png)
<use Pareto_graph.png>
Package pdftex.def Info: Pareto_graph.png  used on input line 39.
(pdftex.def)             Requested size: 297.27924pt x 216.81pt.
 [2 <./graph_Jxw.png> <./Pareto_graph.png>]
LaTeX Font Info:    External font `cmex10' loaded for size
(Font)              <7> on input line 48.
LaTeX Font Info:    External font `cmex10' loaded for size
(Font)              <5> on input line 48.
<exxor_notreg.png, id=18, 884.30376pt x 695.59875pt>
File: exxor_notreg.png Graphic file (type png)
<use exxor_notreg.png>
Package pdftex.def Info: exxor_notreg.png  used on input line 52.
(pdftex.def)             Requested size: 275.6156pt x 216.81pt.
<exxor_reg.png, id=19, 871.255pt x 694.595pt>
File: exxor_reg.png Graphic file (type png)
<use exxor_reg.png>
Package pdftex.def Info: exxor_reg.png  used on input line 58.
(pdftex.def)             Requested size: 271.94745pt x 216.81pt.
 [3 <./exxor_notreg.png>]
<lst_errors_lamx_lst_pesos_w.png, id=25, 777.90625pt x 800.9925pt>
File: lst_errors_lamx_lst_pesos_w.png Graphic file (type png)
<use lst_errors_lamx_lst_pesos_w.png>
Package pdftex.def Info: lst_errors_lamx_lst_pesos_w.png  used on input line 69
.
(pdftex.def)             Requested size: 210.55977pt x 216.81pt.

Overfull \hbox (15.27733pt too wide) in paragraph at lines 72--73
[]\OT1/cmr/m/n/10 E poss^^S^^Pvel con-cluir, anal-isando o gr^^Safico acima que
 o erro rela-cionado aos par^ametros
 []

[4 <./exxor_reg.png> <./lst_errors_lamx_lst_pesos_w.png>] [5] (./EX_06p2.aux) )
 
Here is how much of TeX's memory you used:
 1317 strings out of 478287
 21490 string characters out of 5849289
 314715 words of memory out of 5000000
 19546 multiletter control sequences out of 15000+600000
 472899 words of font info for 40 fonts, out of 8000000 for 9000
 1141 hyphenation exceptions out of 8191
 55i,6n,62p,740b,193s stack positions out of 5000i,500n,10000p,200000b,80000s
</usr/share/texlive/texmf-dist/fonts/type1/public/amsfonts/cm/cmbx12.pfb></usr/
share/texlive/texmf-dist/fonts/type1/public/amsfonts/cm/cmmi10.pfb></usr/share/
texlive/texmf-dist/fonts/type1/public/amsfonts/cm/cmr10.pfb></usr/share/texlive
/texmf-dist/fonts/type1/public/amsfonts/cm/cmr12.pfb></usr/share/texlive/texmf-
dist/fonts/type1/public/amsfonts/cm/cmr17.pfb>
Output written on EX_06p2.pdf (5 pages, 346240 bytes).
PDF statistics:
 56 PDF objects out of 1000 (max. 8388607)
 28 compressed objects within 1 object stream
 0 named destinations out of 1000 (max. 500000)
 26 words of extra memory for PDF output out of 10000 (max. 10000000)

